<?xml version="1.0" encoding="UTF-8"?>
<testsuite xmlns:xsi="http://www.w3.org/2001/XMLSchema-instance" xsi:noNamespaceSchemaLocation="https://maven.apache.org/surefire/maven-surefire-plugin/xsd/surefire-test-report-3.0.xsd" version="3.0" name="com.library.book.controller.BookControllerTest" time="1.212" tests="35" errors="0" skipped="0" failures="0">
  <properties>
[...]
</properties>
  <testcase name="shouldThrowNotFoundExceptionWhenISBNNotFound" classname="com.library.book.controller.BookControllerTest" time="0.968">
    <system-out><![CDATA[17:57:09.306 [main] INFO com.library.book.controller.BookController -- Buscando libro por ISBN: 9999999999999
]]></system-out>
    <system-err><![CDATA[WARNING: A Java agent has been loaded dynamically (C:\Users\Ruddy\.m2\repository\net\bytebuddy\byte-buddy-agent\1.14.19\byte-buddy-agent-1.14.19.jar)
WARNING: If a serviceability tool is in use, please run with -XX:+EnableDynamicAgentLoading to hide this warning
WARNING: If a serviceability tool is not in use, please run with -Djdk.instrument.traceUsage for more information
WARNING: Dynamic loading of agents will be disallowed by default in a future release
]]></system-err>
  </testcase>
  <testcase name="shouldThrowNotFoundExceptionWhenBookIdNotFound" classname="com.library.book.controller.BookControllerTest" time="0.007">
    <system-out><![CDATA[17:57:09.358 [main] INFO com.library.book.controller.BookController -- Obteniendo detalles del libro con ID: 999
]]></system-out>
  </testcase>
  <testcase name="shouldSearchBooksByFullAuthorName" classname="com.library.book.controller.BookControllerTest" time="0.006">
    <system-out><![CDATA[17:57:09.365 [main] INFO com.library.book.controller.BookController -- Buscando libros por autor: Gabriel García Márquez
]]></system-out>
  </testcase>
  <testcase name="shouldReturnEmptyListWhenPageExceedsBooks" classname="com.library.book.controller.BookControllerTest" time="0.005">
    <system-out><![CDATA[17:57:09.375 [main] INFO com.library.book.controller.BookController -- Obteniendo catálogo completo - Página: 10, Tamaño: 10
]]></system-out>
  </testcase>
  <testcase name="shouldFailToCreateBookWithEmptyAuthor" classname="com.library.book.controller.BookControllerTest" time="0.003">
    <system-out><![CDATA[17:57:09.379 [main] INFO com.library.book.controller.BookController -- Creando nuevo libro: Título de Prueba
]]></system-out>
  </testcase>
  <testcase name="shouldPerformCombinedGeneralSearch" classname="com.library.book.controller.BookControllerTest" time="0.003">
    <system-out><![CDATA[17:57:09.383 [main] INFO com.library.book.controller.BookController -- Realizando búsqueda general: gabriel
]]></system-out>
  </testcase>
  <testcase name="shouldCreateBookSuccessfully" classname="com.library.book.controller.BookControllerTest" time="0.019">
    <system-out><![CDATA[17:57:09.390 [main] INFO com.library.book.controller.BookController -- Creando nuevo libro: Nuevo Libro de Prueba
17:57:09.392 [main] INFO com.library.book.controller.BookController -- Libro creado exitosamente con ID: 9
]]></system-out>
  </testcase>
  <testcase name="shouldReturnUniqueGenres" classname="com.library.book.controller.BookControllerTest" time="0.005">
    <system-out><![CDATA[17:57:09.410 [main] INFO com.library.book.controller.BookController -- Obteniendo géneros disponibles
]]></system-out>
  </testcase>
  <testcase name="shouldThrowExceptionWhenTitleSearchQueryIsEmpty" classname="com.library.book.controller.BookControllerTest" time="0.003">
    <system-out><![CDATA[17:57:09.415 [main] INFO com.library.book.controller.BookController -- Buscando libros por título: 
17:57:09.416 [main] INFO com.library.book.controller.BookController -- Buscando libros por título:    
17:57:09.416 [main] INFO com.library.book.controller.BookController -- Buscando libros por título: null
]]></system-out>
  </testcase>
  <testcase name="shouldGetBookDetailsById" classname="com.library.book.controller.BookControllerTest" time="0.005">
    <system-out><![CDATA[17:57:09.421 [main] INFO com.library.book.controller.BookController -- Obteniendo detalles del libro con ID: 1
]]></system-out>
  </testcase>
  <testcase name="shouldSearchBooksByTitleCaseInsensitive" classname="com.library.book.controller.BookControllerTest" time="0.003">
    <system-out><![CDATA[17:57:09.425 [main] INFO com.library.book.controller.BookController -- Buscando libros por título: HARRY
]]></system-out>
  </testcase>
  <testcase name="shouldGetAllBooksWithDefaultPagination" classname="com.library.book.controller.BookControllerTest" time="0.002">
    <system-out><![CDATA[17:57:09.430 [main] INFO com.library.book.controller.BookController -- Obteniendo catálogo completo - Página: 0, Tamaño: 10
]]></system-out>
  </testcase>
  <testcase name="shouldReturnEmptyListWhenNoBookFoundByTitle" classname="com.library.book.controller.BookControllerTest" time="0.005">
    <system-out><![CDATA[17:57:09.435 [main] INFO com.library.book.controller.BookController -- Buscando libros por título: inexistente
]]></system-out>
  </testcase>
  <testcase name="shouldCreateBookAndVerifyItIsAddedToCatalog" classname="com.library.book.controller.BookControllerTest" time="0.004">
    <system-out><![CDATA[17:57:09.442 [main] INFO com.library.book.controller.BookController -- Creando nuevo libro: Libro de Verificación
17:57:09.442 [main] INFO com.library.book.controller.BookController -- Libro creado exitosamente con ID: 9
17:57:09.442 [main] INFO com.library.book.controller.BookController -- Obteniendo catálogo completo - Página: 0, Tamaño: 20
]]></system-out>
  </testcase>
  <testcase name="shouldThrowExceptionWhenISBNIsEmpty" classname="com.library.book.controller.BookControllerTest" time="0.005">
    <system-out><![CDATA[17:57:09.448 [main] INFO com.library.book.controller.BookController -- Buscando libro por ISBN: 
17:57:09.449 [main] INFO com.library.book.controller.BookController -- Buscando libro por ISBN: null
]]></system-out>
  </testcase>
  <testcase name="shouldThrowExceptionWhenGeneralSearchQueryIsEmpty" classname="com.library.book.controller.BookControllerTest" time="0.006">
    <system-out><![CDATA[17:57:09.454 [main] INFO com.library.book.controller.BookController -- Realizando búsqueda general: 
17:57:09.455 [main] INFO com.library.book.controller.BookController -- Realizando búsqueda general: null
]]></system-out>
  </testcase>
  <testcase name="shouldFailToCreateBookWithDuplicateIsbn" classname="com.library.book.controller.BookControllerTest" time="0.006">
    <system-out><![CDATA[17:57:09.462 [main] INFO com.library.book.controller.BookController -- Creando nuevo libro: Nuevo Libro
]]></system-out>
  </testcase>
  <testcase name="shouldSearchBooksByGenreCaseInsensitive" classname="com.library.book.controller.BookControllerTest" time="0.005">
    <system-out><![CDATA[17:57:09.468 [main] INFO com.library.book.controller.BookController -- Buscando libros por género: fantasía
]]></system-out>
  </testcase>
  <testcase name="shouldFailToCreateBookWithEmptyGenre" classname="com.library.book.controller.BookControllerTest" time="0.006">
    <system-out><![CDATA[17:57:09.476 [main] INFO com.library.book.controller.BookController -- Creando nuevo libro: Título de Prueba
]]></system-out>
  </testcase>
  <testcase name="shouldFailToCreateBookWithEmptyTitle" classname="com.library.book.controller.BookControllerTest" time="0.004">
    <system-out><![CDATA[17:57:09.482 [main] INFO com.library.book.controller.BookController -- Creando nuevo libro: 
]]></system-out>
  </testcase>
  <testcase name="shouldSearchBookByISBN" classname="com.library.book.controller.BookControllerTest" time="0.005">
    <system-out><![CDATA[17:57:09.487 [main] INFO com.library.book.controller.BookController -- Buscando libro por ISBN: 9780544003415
]]></system-out>
  </testcase>
  <testcase name="shouldThrowExceptionWhenAuthorSearchQueryIsEmpty" classname="com.library.book.controller.BookControllerTest" time="0.004">
    <system-out><![CDATA[17:57:09.493 [main] INFO com.library.book.controller.BookController -- Buscando libros por autor: 
17:57:09.494 [main] INFO com.library.book.controller.BookController -- Buscando libros por autor: null
]]></system-out>
  </testcase>
  <testcase name="shouldGetSecondPageCorrectly" classname="com.library.book.controller.BookControllerTest" time="0.002">
    <system-out><![CDATA[17:57:09.499 [main] INFO com.library.book.controller.BookController -- Obteniendo catálogo completo - Página: 1, Tamaño: 3
]]></system-out>
  </testcase>
  <testcase name="shouldReturnEmptyListWhenGeneralSearchHasNoResults" classname="com.library.book.controller.BookControllerTest" time="0.002">
    <system-out><![CDATA[17:57:09.501 [main] INFO com.library.book.controller.BookController -- Realizando búsqueda general: inexistente
]]></system-out>
  </testcase>
  <testcase name="shouldFailToCreateBookWithEmptyIsbn" classname="com.library.book.controller.BookControllerTest" time="0.004">
    <system-out><![CDATA[17:57:09.507 [main] INFO com.library.book.controller.BookController -- Creando nuevo libro: Título de Prueba
]]></system-out>
  </testcase>
  <testcase name="shouldGetAvailableGenresSorted" classname="com.library.book.controller.BookControllerTest" time="0.004">
    <system-out><![CDATA[17:57:09.512 [main] INFO com.library.book.controller.BookController -- Obteniendo géneros disponibles
]]></system-out>
  </testcase>
  <testcase name="shouldHandleMultiWordTitleSearch" classname="com.library.book.controller.BookControllerTest" time="0.002">
    <system-out><![CDATA[17:57:09.516 [main] INFO com.library.book.controller.BookController -- Buscando libros por título: cien años
]]></system-out>
  </testcase>
  <testcase name="shouldSearchBooksByAuthor" classname="com.library.book.controller.BookControllerTest" time="0.006">
    <system-out><![CDATA[17:57:09.521 [main] INFO com.library.book.controller.BookController -- Buscando libros por autor: tolkien
]]></system-out>
  </testcase>
  <testcase name="shouldGetBooksWithCustomPagination" classname="com.library.book.controller.BookControllerTest" time="0.003">
    <system-out><![CDATA[17:57:09.526 [main] INFO com.library.book.controller.BookController -- Obteniendo catálogo completo - Página: 0, Tamaño: 3
]]></system-out>
  </testcase>
  <testcase name="shouldThrowExceptionWhenGenreIsEmpty" classname="com.library.book.controller.BookControllerTest" time="0.004">
    <system-out><![CDATA[17:57:09.531 [main] INFO com.library.book.controller.BookController -- Buscando libros por género: 
17:57:09.532 [main] INFO com.library.book.controller.BookController -- Buscando libros por género: null
]]></system-out>
  </testcase>
  <testcase name="shouldSearchBooksByGenre" classname="com.library.book.controller.BookControllerTest" time="0.006">
    <system-out><![CDATA[17:57:09.537 [main] INFO com.library.book.controller.BookController -- Buscando libros por género: Fantasía
]]></system-out>
  </testcase>
  <testcase name="shouldSearchBooksByTitle" classname="com.library.book.controller.BookControllerTest" time="0.004">
    <system-out><![CDATA[17:57:09.544 [main] INFO com.library.book.controller.BookController -- Buscando libros por título: señor
]]></system-out>
  </testcase>
  <testcase name="shouldHandlePartialAuthorSearch" classname="com.library.book.controller.BookControllerTest" time="0.002">
    <system-out><![CDATA[17:57:09.549 [main] INFO com.library.book.controller.BookController -- Buscando libros por autor: george
]]></system-out>
  </testcase>
  <testcase name="shouldPerformGeneralSearch" classname="com.library.book.controller.BookControllerTest" time="0.004">
    <system-out><![CDATA[17:57:09.553 [main] INFO com.library.book.controller.BookController -- Realizando búsqueda general: señor
17:57:09.554 [main] INFO com.library.book.controller.BookController -- Realizando búsqueda general: tolkien
17:57:09.554 [main] INFO com.library.book.controller.BookController -- Realizando búsqueda general: fantasía
]]></system-out>
  </testcase>
  <testcase name="shouldValidateAllCatalogBooksHaveCompleteData" classname="com.library.book.controller.BookControllerTest" time="0.004">
    <system-out><![CDATA[17:57:09.558 [main] INFO com.library.book.controller.BookController -- Obteniendo catálogo completo - Página: 0, Tamaño: 100
]]></system-out>
  </testcase>
</testsuite>